
ROM used:   128/16384 (0%)
            128/16384 (0%) including unused fragments

            0.2 Average locations per line
            9.1 Average locations per statement

RAM used:   4/2048 (0%) at main() level
            7/2048 (0%) worst case

Stack used: 0 worst case (0 in main + 0 for interrupts)
Stack size: 31

Lines Stmts  %   Files
----- ----- ---  -----
   26    14 100  main.c
  821     0   0  ..\..\..\..\Program Files (x86)\PICC\Devices\18F4550.h
----- -----
  847    14 Total

Page ROM  %  RAM   Vol Diff  Functions:
---- --- --- ---   --- ----  ----------
0     40  16    1             @delay_ms1
0     84  33    0   346  3.9  main
 Inline         0             @cinit1

Program metrics:
    Functions               1
    Statements              14
    Comments                146
    Volume (V)              351
    Difficulty (D)          3.6
    Effort to implement (E) 1273
    Time to implement (T)   1 minutes
    Est Delivered Bugs (B)  0
    Cyclomatic Complexity   2
    Maintainability (MI)    91

 Segment     Used  Free
-----------  ----  ----
00000-00002     4  0  
00004-07FFE   124  32640  



